{"/Users/igor/WebstormProjects/smart-link/src/apps/auth/auth.service.ts": {"path":"/Users/igor/WebstormProjects/smart-link/src/apps/auth/auth.service.ts","statementMap":{"0":{"start":{"line":1,"column":0},"end":{"line":1,"column":null}},"1":{"start":{"line":6,"column":0},"end":{"line":6,"column":33}},"2":{"start":{"line":8,"column":0},"end":{"line":8,"column":67}},"3":{"start":{"line":9,"column":0},"end":{"line":9,"column":57}},"4":{"start":{"line":10,"column":0},"end":{"line":10,"column":69}},"5":{"start":{"line":15,"column":0},"end":{"line":15,"column":85}},"6":{"start":{"line":16,"column":0},"end":{"line":16,"column":97}},"7":{"start":{"line":17,"column":0},"end":{"line":17,"column":69}},"8":{"start":{"line":19,"column":27},"end":{"line":24,"column":2}},"9":{"start":{"line":27,"column":7},"end":{"line":113,"column":null}},"10":{"start":{"line":29,"column":19},"end":{"line":29,"column":35}},"11":{"start":{"line":30,"column":19},"end":{"line":30,"column":33}},"12":{"start":{"line":31,"column":10},"end":{"line":31,"column":24}},"13":{"start":{"line":32,"column":19},"end":{"line":32,"column":34}},"14":{"start":{"line":36,"column":30},"end":{"line":36,"column":34}},"15":{"start":{"line":38,"column":15},"end":{"line":42,"column":13}},"16":{"start":{"line":44,"column":2},"end":{"line":49,"column":3}},"17":{"start":{"line":45,"column":3},"end":{"line":48,"column":5}},"18":{"start":{"line":51,"column":26},"end":{"line":51,"column":71}},"19":{"start":{"line":53,"column":2},"end":{"line":58,"column":3}},"20":{"start":{"line":54,"column":3},"end":{"line":57,"column":5}},"21":{"start":{"line":59,"column":17},"end":{"line":59,"column":61}},"22":{"start":{"line":61,"column":2},"end":{"line":65,"column":4}},"23":{"start":{"line":67,"column":2},"end":{"line":70,"column":null}},"24":{"start":{"line":74,"column":20},"end":{"line":77,"column":13}},"25":{"start":{"line":79,"column":2},"end":{"line":89,"column":3}},"26":{"start":{"line":80,"column":3},"end":{"line":88,"column":5}},"27":{"start":{"line":91,"column":19},"end":{"line":91,"column":55}},"28":{"start":{"line":93,"column":23},"end":{"line":96,"column":null}},"29":{"start":{"line":98,"column":2},"end":{"line":110,"column":3}},"30":{"start":{"line":99,"column":3},"end":{"line":99,"column":50}},"31":{"start":{"line":101,"column":3},"end":{"line":109,"column":5}},"32":{"start":{"line":111,"column":2},"end":{"line":111,"column":14}},"33":{"start":{"line":27,"column":13},"end":{"line":27,"column":24}},"34":{"start":{"line":27,"column":13},"end":{"line":113,"column":null}}},"fnMap":{"0":{"name":"(anonymous_11)","decl":{"start":{"line":28,"column":1},"end":{"line":28,"column":null}},"loc":{"start":{"line":32,"column":51},"end":{"line":33,"column":5}}},"1":{"name":"(anonymous_12)","decl":{"start":{"line":35,"column":1},"end":{"line":35,"column":6}},"loc":{"start":{"line":35,"column":20},"end":{"line":71,"column":2}}},"2":{"name":"(anonymous_13)","decl":{"start":{"line":73,"column":1},"end":{"line":73,"column":6}},"loc":{"start":{"line":73,"column":33},"end":{"line":112,"column":2}}}},"branchMap":{"0":{"loc":{"start":{"line":44,"column":2},"end":{"line":49,"column":3}},"type":"if","locations":[{"start":{"line":44,"column":2},"end":{"line":49,"column":3}}]},"1":{"loc":{"start":{"line":53,"column":2},"end":{"line":58,"column":3}},"type":"if","locations":[{"start":{"line":53,"column":2},"end":{"line":58,"column":3}}]},"2":{"loc":{"start":{"line":79,"column":2},"end":{"line":89,"column":3}},"type":"if","locations":[{"start":{"line":79,"column":2},"end":{"line":89,"column":3}}]},"3":{"loc":{"start":{"line":29,"column":35},"end":{"line":29,"column":null}},"type":"cond-expr","locations":[{"start":{"line":29,"column":49},"end":{"line":29,"column":null}},{"start":{"line":29,"column":49},"end":{"line":29,"column":null}}]},"4":{"loc":{"start":{"line":29,"column":35},"end":{"line":29,"column":49}},"type":"binary-expr","locations":[{"start":{"line":29,"column":35},"end":{"line":29,"column":null}},{"start":{"line":29,"column":35},"end":{"line":29,"column":49}}]},"5":{"loc":{"start":{"line":29,"column":49},"end":{"line":30,"column":null}},"type":"cond-expr","locations":[{"start":{"line":30,"column":45},"end":{"line":30,"column":null}},{"start":{"line":30,"column":45},"end":{"line":30,"column":null}}]},"6":{"loc":{"start":{"line":29,"column":49},"end":{"line":30,"column":45}},"type":"binary-expr","locations":[{"start":{"line":29,"column":49},"end":{"line":30,"column":null}},{"start":{"line":30,"column":33},"end":{"line":30,"column":45}}]},"7":{"loc":{"start":{"line":30,"column":45},"end":{"line":31,"column":null}},"type":"cond-expr","locations":[{"start":{"line":31,"column":36},"end":{"line":31,"column":null}},{"start":{"line":31,"column":36},"end":{"line":31,"column":null}}]},"8":{"loc":{"start":{"line":30,"column":45},"end":{"line":31,"column":36}},"type":"binary-expr","locations":[{"start":{"line":30,"column":45},"end":{"line":31,"column":null}},{"start":{"line":31,"column":24},"end":{"line":31,"column":36}}]},"9":{"loc":{"start":{"line":31,"column":36},"end":{"line":32,"column":null}},"type":"cond-expr","locations":[{"start":{"line":32,"column":51},"end":{"line":32,"column":null}},{"start":{"line":32,"column":51},"end":{"line":32,"column":null}}]},"10":{"loc":{"start":{"line":31,"column":36},"end":{"line":32,"column":51}},"type":"binary-expr","locations":[{"start":{"line":31,"column":36},"end":{"line":32,"column":null}},{"start":{"line":32,"column":34},"end":{"line":32,"column":51}}]}},"s":{"0":3,"1":3,"2":3,"3":3,"4":3,"5":3,"6":3,"7":3,"8":3,"9":3,"10":6,"11":6,"12":6,"13":6,"14":3,"15":3,"16":3,"17":1,"18":2,"19":2,"20":1,"21":1,"22":1,"23":1,"24":3,"25":3,"26":1,"27":2,"28":2,"29":2,"30":2,"31":1,"32":1,"33":3,"34":3},"f":{"0":6,"1":3,"2":3},"b":{"0":[1],"1":[1],"2":[1],"3":[3,0],"4":[3,3],"5":[3,0],"6":[3,3],"7":[3,0],"8":[3,3],"9":[3,0],"10":[3,3]}}
,"/Users/igor/WebstormProjects/smart-link/src/apps/auth/token.service.ts": {"path":"/Users/igor/WebstormProjects/smart-link/src/apps/auth/token.service.ts","statementMap":{"0":{"start":{"line":1,"column":0},"end":{"line":1,"column":44}},"1":{"start":{"line":2,"column":0},"end":{"line":2,"column":41}},"2":{"start":{"line":6,"column":0},"end":{"line":6,"column":57}},"3":{"start":{"line":9,"column":7},"end":{"line":35,"column":null}},"4":{"start":{"line":11,"column":21},"end":{"line":11,"column":33}},"5":{"start":{"line":12,"column":21},"end":{"line":12,"column":36}},"6":{"start":{"line":16,"column":20},"end":{"line":20,"column":6}},"7":{"start":{"line":22,"column":40},"end":{"line":28,"column":6}},"8":{"start":{"line":30,"column":4},"end":{"line":33,"column":6}},"9":{"start":{"line":9,"column":13},"end":{"line":9,"column":25}},"10":{"start":{"line":9,"column":13},"end":{"line":35,"column":null}}},"fnMap":{"0":{"name":"(anonymous_2)","decl":{"start":{"line":10,"column":2},"end":{"line":10,"column":null}},"loc":{"start":{"line":12,"column":53},"end":{"line":13,"column":6}}},"1":{"name":"(anonymous_3)","decl":{"start":{"line":15,"column":2},"end":{"line":15,"column":7}},"loc":{"start":{"line":15,"column":34},"end":{"line":34,"column":3}}}},"branchMap":{"0":{"loc":{"start":{"line":11,"column":33},"end":{"line":11,"column":null}},"type":"cond-expr","locations":[{"start":{"line":11,"column":43},"end":{"line":11,"column":null}},{"start":{"line":11,"column":43},"end":{"line":11,"column":null}}]},"1":{"loc":{"start":{"line":11,"column":33},"end":{"line":11,"column":43}},"type":"binary-expr","locations":[{"start":{"line":11,"column":33},"end":{"line":11,"column":null}},{"start":{"line":11,"column":33},"end":{"line":11,"column":43}}]},"2":{"loc":{"start":{"line":11,"column":43},"end":{"line":12,"column":null}},"type":"cond-expr","locations":[{"start":{"line":12,"column":53},"end":{"line":12,"column":null}},{"start":{"line":12,"column":53},"end":{"line":12,"column":null}}]},"3":{"loc":{"start":{"line":11,"column":43},"end":{"line":12,"column":53}},"type":"binary-expr","locations":[{"start":{"line":11,"column":43},"end":{"line":12,"column":null}},{"start":{"line":12,"column":36},"end":{"line":12,"column":53}}]}},"s":{"0":4,"1":4,"2":4,"3":4,"4":2,"5":2,"6":2,"7":2,"8":1,"9":4,"10":4},"f":{"0":2,"1":2},"b":{"0":[4,0],"1":[4,4],"2":[4,0],"3":[4,4]}}
,"/Users/igor/WebstormProjects/smart-link/src/apps/auth/controllers/v1/login.controller.ts": {"path":"/Users/igor/WebstormProjects/smart-link/src/apps/auth/controllers/v1/login.controller.ts","statementMap":{"0":{"start":{"line":1,"column":0},"end":{"line":1,"column":105}},"1":{"start":{"line":3,"column":0},"end":{"line":3,"column":72}},"2":{"start":{"line":4,"column":0},"end":{"line":4,"column":null}},"3":{"start":{"line":8,"column":0},"end":{"line":8,"column":88}},"4":{"start":{"line":9,"column":0},"end":{"line":9,"column":77}},"5":{"start":{"line":11,"column":0},"end":{"line":11,"column":49}},"6":{"start":{"line":16,"column":7},"end":{"line":26,"column":null}},"7":{"start":{"line":18,"column":2},"end":{"line":18,"column":10}},"8":{"start":{"line":17,"column":30},"end":{"line":17,"column":43}},"9":{"start":{"line":24,"column":2},"end":{"line":24,"column":44}},"10":{"start":{"line":16,"column":13},"end":{"line":16,"column":28}},"11":{"start":{"line":23,"column":7},"end":{"line":25,"column":null}},"12":{"start":{"line":16,"column":13},"end":{"line":26,"column":null}}},"fnMap":{"0":{"name":"(anonymous_4)","decl":{"start":{"line":17,"column":1},"end":{"line":17,"column":30}},"loc":{"start":{"line":17,"column":54},"end":{"line":19,"column":2}}},"1":{"name":"(anonymous_5)","decl":{"start":{"line":23,"column":1},"end":{"line":23,"column":6}},"loc":{"start":{"line":23,"column":41},"end":{"line":25,"column":2}}}},"branchMap":{"0":{"loc":{"start":{"line":23,"column":33},"end":{"line":23,"column":44}},"type":"cond-expr","locations":[{"start":{"line":23,"column":41},"end":{"line":23,"column":44}},{"start":{"line":23,"column":41},"end":{"line":23,"column":44}}]},"1":{"loc":{"start":{"line":23,"column":33},"end":{"line":23,"column":41}},"type":"binary-expr","locations":[{"start":{"line":23,"column":33},"end":{"line":23,"column":44}},{"start":{"line":23,"column":33},"end":{"line":23,"column":41}}]},"2":{"loc":{"start":{"line":23,"column":44},"end":{"line":23,"column":null}},"type":"cond-expr","locations":[{"start":{"line":23,"column":51},"end":{"line":23,"column":null}},{"start":{"line":23,"column":51},"end":{"line":23,"column":null}}]},"3":{"loc":{"start":{"line":23,"column":44},"end":{"line":23,"column":51}},"type":"binary-expr","locations":[{"start":{"line":23,"column":44},"end":{"line":23,"column":null}},{"start":{"line":23,"column":44},"end":{"line":23,"column":51}}]},"4":{"loc":{"start":{"line":17,"column":43},"end":{"line":17,"column":null}},"type":"cond-expr","locations":[{"start":{"line":17,"column":54},"end":{"line":17,"column":null}},{"start":{"line":17,"column":54},"end":{"line":17,"column":null}}]},"5":{"loc":{"start":{"line":17,"column":43},"end":{"line":17,"column":54}},"type":"binary-expr","locations":[{"start":{"line":17,"column":43},"end":{"line":17,"column":null}},{"start":{"line":17,"column":43},"end":{"line":17,"column":54}}]}},"s":{"0":1,"1":1,"2":1,"3":1,"4":1,"5":1,"6":1,"7":3,"8":3,"9":3,"10":1,"11":1,"12":1},"f":{"0":3,"1":3},"b":{"0":[1,0],"1":[1,1],"2":[1,0],"3":[1,1],"4":[1,0],"5":[1,1]}}
,"/Users/igor/WebstormProjects/smart-link/src/apps/auth/controllers/v1/register.controller.ts": {"path":"/Users/igor/WebstormProjects/smart-link/src/apps/auth/controllers/v1/register.controller.ts","statementMap":{"0":{"start":{"line":1,"column":0},"end":{"line":1,"column":105}},"1":{"start":{"line":3,"column":0},"end":{"line":3,"column":55}},"2":{"start":{"line":4,"column":0},"end":{"line":4,"column":72}},"3":{"start":{"line":5,"column":0},"end":{"line":5,"column":47}},"4":{"start":{"line":6,"column":0},"end":{"line":6,"column":88}},"5":{"start":{"line":7,"column":0},"end":{"line":7,"column":77}},"6":{"start":{"line":12,"column":7},"end":{"line":22,"column":null}},"7":{"start":{"line":14,"column":2},"end":{"line":14,"column":10}},"8":{"start":{"line":13,"column":21},"end":{"line":13,"column":34}},"9":{"start":{"line":20,"column":2},"end":{"line":20,"column":44}},"10":{"start":{"line":12,"column":13},"end":{"line":12,"column":31}},"11":{"start":{"line":19,"column":7},"end":{"line":21,"column":null}},"12":{"start":{"line":12,"column":13},"end":{"line":22,"column":null}}},"fnMap":{"0":{"name":"(anonymous_4)","decl":{"start":{"line":13,"column":1},"end":{"line":13,"column":21}},"loc":{"start":{"line":13,"column":45},"end":{"line":15,"column":2}}},"1":{"name":"(anonymous_5)","decl":{"start":{"line":19,"column":1},"end":{"line":19,"column":6}},"loc":{"start":{"line":19,"column":44},"end":{"line":21,"column":2}}}},"branchMap":{"0":{"loc":{"start":{"line":19,"column":33},"end":{"line":19,"column":47}},"type":"cond-expr","locations":[{"start":{"line":19,"column":44},"end":{"line":19,"column":47}},{"start":{"line":19,"column":44},"end":{"line":19,"column":47}}]},"1":{"loc":{"start":{"line":19,"column":33},"end":{"line":19,"column":44}},"type":"binary-expr","locations":[{"start":{"line":19,"column":33},"end":{"line":19,"column":47}},{"start":{"line":19,"column":33},"end":{"line":19,"column":44}}]},"2":{"loc":{"start":{"line":19,"column":47},"end":{"line":19,"column":null}},"type":"cond-expr","locations":[{"start":{"line":19,"column":54},"end":{"line":19,"column":null}},{"start":{"line":19,"column":54},"end":{"line":19,"column":null}}]},"3":{"loc":{"start":{"line":19,"column":47},"end":{"line":19,"column":54}},"type":"binary-expr","locations":[{"start":{"line":19,"column":47},"end":{"line":19,"column":null}},{"start":{"line":19,"column":47},"end":{"line":19,"column":54}}]},"4":{"loc":{"start":{"line":13,"column":34},"end":{"line":13,"column":null}},"type":"cond-expr","locations":[{"start":{"line":13,"column":45},"end":{"line":13,"column":null}},{"start":{"line":13,"column":45},"end":{"line":13,"column":null}}]},"5":{"loc":{"start":{"line":13,"column":34},"end":{"line":13,"column":45}},"type":"binary-expr","locations":[{"start":{"line":13,"column":34},"end":{"line":13,"column":null}},{"start":{"line":13,"column":34},"end":{"line":13,"column":45}}]}},"s":{"0":1,"1":1,"2":1,"3":1,"4":1,"5":1,"6":1,"7":3,"8":3,"9":3,"10":1,"11":1,"12":1},"f":{"0":3,"1":3},"b":{"0":[1,0],"1":[1,1],"2":[1,0],"3":[1,1],"4":[1,0],"5":[1,1]}}
,"/Users/igor/WebstormProjects/smart-link/src/apps/smart-link/link.service.ts": {"path":"/Users/igor/WebstormProjects/smart-link/src/apps/smart-link/link.service.ts","statementMap":{"0":{"start":{"line":1,"column":0},"end":{"line":1,"column":null}},"1":{"start":{"line":7,"column":0},"end":{"line":7,"column":49}},"2":{"start":{"line":9,"column":0},"end":{"line":9,"column":null}},"3":{"start":{"line":16,"column":0},"end":{"line":16,"column":67}},"4":{"start":{"line":18,"column":0},"end":{"line":18,"column":73}},"5":{"start":{"line":19,"column":0},"end":{"line":19,"column":81}},"6":{"start":{"line":20,"column":0},"end":{"line":20,"column":86}},"7":{"start":{"line":21,"column":0},"end":{"line":21,"column":73}},"8":{"start":{"line":24,"column":7},"end":{"line":94,"column":null}},"9":{"start":{"line":26,"column":37},"end":{"line":26,"column":53}},"10":{"start":{"line":27,"column":42},"end":{"line":27,"column":62}},"11":{"start":{"line":28,"column":21},"end":{"line":28,"column":32}},"12":{"start":{"line":32,"column":17},"end":{"line":32,"column":21}},"13":{"start":{"line":33,"column":35},"end":{"line":33,"column":39}},"14":{"start":{"line":35,"column":24},"end":{"line":35,"column":58}},"15":{"start":{"line":36,"column":4},"end":{"line":67,"column":5}},"16":{"start":{"line":37,"column":23},"end":{"line":37,"column":98}},"17":{"start":{"line":39,"column":19},"end":{"line":42,"column":42}},"18":{"start":{"line":44,"column":28},"end":{"line":47,"column":9}},"19":{"start":{"line":44,"column":49},"end":{"line":47,"column":8}},"20":{"start":{"line":49,"column":27},"end":{"line":52,"column":34}},"21":{"start":{"line":54,"column":6},"end":{"line":54,"column":48}},"22":{"start":{"line":55,"column":6},"end":{"line":55,"column":33}},"23":{"start":{"line":57,"column":6},"end":{"line":57,"column":35}},"24":{"start":{"line":58,"column":6},"end":{"line":66,"column":8}},"25":{"start":{"line":69,"column":4},"end":{"line":69,"column":18}},"26":{"start":{"line":73,"column":21},"end":{"line":77,"column":16}},"27":{"start":{"line":79,"column":4},"end":{"line":89,"column":5}},"28":{"start":{"line":80,"column":6},"end":{"line":88,"column":8}},"29":{"start":{"line":91,"column":29},"end":{"line":91,"column":70}},"30":{"start":{"line":91,"column":59},"end":{"line":91,"column":68}},"31":{"start":{"line":92,"column":4},"end":{"line":92,"column":89}},"32":{"start":{"line":24,"column":13},"end":{"line":24,"column":24}},"33":{"start":{"line":24,"column":13},"end":{"line":94,"column":null}}},"fnMap":{"0":{"name":"(anonymous_4)","decl":{"start":{"line":25,"column":2},"end":{"line":25,"column":null}},"loc":{"start":{"line":28,"column":41},"end":{"line":29,"column":6}}},"1":{"name":"(anonymous_5)","decl":{"start":{"line":31,"column":2},"end":{"line":31,"column":7}},"loc":{"start":{"line":31,"column":38},"end":{"line":70,"column":3}}},"2":{"name":"(anonymous_6)","decl":{"start":{"line":44,"column":38},"end":{"line":44,"column":39}},"loc":{"start":{"line":44,"column":49},"end":{"line":47,"column":8}}},"3":{"name":"(anonymous_7)","decl":{"start":{"line":72,"column":2},"end":{"line":72,"column":7}},"loc":{"start":{"line":72,"column":32},"end":{"line":93,"column":3}}},"4":{"name":"(anonymous_8)","decl":{"start":{"line":91,"column":48},"end":{"line":91,"column":49}},"loc":{"start":{"line":91,"column":59},"end":{"line":91,"column":68}}}},"branchMap":{"0":{"loc":{"start":{"line":79,"column":4},"end":{"line":89,"column":5}},"type":"if","locations":[{"start":{"line":79,"column":4},"end":{"line":89,"column":5}}]},"1":{"loc":{"start":{"line":26,"column":53},"end":{"line":26,"column":81}},"type":"cond-expr","locations":[{"start":{"line":26,"column":70},"end":{"line":26,"column":81}},{"start":{"line":26,"column":70},"end":{"line":26,"column":81}}]},"2":{"loc":{"start":{"line":26,"column":53},"end":{"line":26,"column":70}},"type":"binary-expr","locations":[{"start":{"line":26,"column":53},"end":{"line":26,"column":81}},{"start":{"line":26,"column":53},"end":{"line":26,"column":70}}]},"3":{"loc":{"start":{"line":26,"column":70},"end":{"line":27,"column":94}},"type":"cond-expr","locations":[{"start":{"line":27,"column":79},"end":{"line":27,"column":94}},{"start":{"line":27,"column":79},"end":{"line":27,"column":94}}]},"4":{"loc":{"start":{"line":26,"column":70},"end":{"line":27,"column":79}},"type":"binary-expr","locations":[{"start":{"line":26,"column":70},"end":{"line":27,"column":94}},{"start":{"line":27,"column":62},"end":{"line":27,"column":79}}]},"5":{"loc":{"start":{"line":27,"column":79},"end":{"line":28,"column":null}},"type":"cond-expr","locations":[{"start":{"line":28,"column":41},"end":{"line":28,"column":null}},{"start":{"line":28,"column":41},"end":{"line":28,"column":null}}]},"6":{"loc":{"start":{"line":27,"column":79},"end":{"line":28,"column":41}},"type":"binary-expr","locations":[{"start":{"line":27,"column":79},"end":{"line":28,"column":null}},{"start":{"line":28,"column":32},"end":{"line":28,"column":41}}]}},"s":{"0":3,"1":3,"2":3,"3":3,"4":3,"5":3,"6":3,"7":3,"8":3,"9":5,"10":5,"11":5,"12":3,"13":3,"14":3,"15":3,"16":3,"17":3,"18":2,"19":2,"20":2,"21":1,"22":1,"23":2,"24":2,"25":1,"26":2,"27":2,"28":1,"29":1,"30":2,"31":1,"32":3,"33":3},"f":{"0":5,"1":3,"2":2,"3":2,"4":2},"b":{"0":[1],"1":[3,0],"2":[3,3],"3":[3,0],"4":[3,3],"5":[3,0],"6":[3,3]}}
,"/Users/igor/WebstormProjects/smart-link/src/apps/smart-link/location.service.ts": {"path":"/Users/igor/WebstormProjects/smart-link/src/apps/smart-link/location.service.ts","statementMap":{"0":{"start":{"line":1,"column":0},"end":{"line":1,"column":44}},"1":{"start":{"line":3,"column":0},"end":{"line":3,"column":78}},"2":{"start":{"line":4,"column":0},"end":{"line":4,"column":84}},"3":{"start":{"line":8,"column":7},"end":{"line":30,"column":null}},"4":{"start":{"line":12,"column":12},"end":{"line":12,"column":27}},"5":{"start":{"line":13,"column":21},"end":{"line":13,"column":39}},"6":{"start":{"line":15,"column":4},"end":{"line":15,"column":61}},"7":{"start":{"line":19,"column":4},"end":{"line":28,"column":5}},"8":{"start":{"line":20,"column":23},"end":{"line":20,"column":67}},"9":{"start":{"line":21,"column":6},"end":{"line":25,"column":null}},"10":{"start":{"line":27,"column":6},"end":{"line":27,"column":69}},"11":{"start":{"line":8,"column":13},"end":{"line":8,"column":28}},"12":{"start":{"line":8,"column":13},"end":{"line":30,"column":null}}},"fnMap":{"0":{"name":"(anonymous_2)","decl":{"start":{"line":11,"column":2},"end":{"line":11,"column":null}},"loc":{"start":{"line":13,"column":55},"end":{"line":16,"column":3}}},"1":{"name":"(anonymous_3)","decl":{"start":{"line":18,"column":2},"end":{"line":18,"column":7}},"loc":{"start":{"line":18,"column":19},"end":{"line":29,"column":3}}}},"branchMap":{"0":{"loc":{"start":{"line":12,"column":27},"end":{"line":12,"column":null}},"type":"cond-expr","locations":[{"start":{"line":12,"column":49},"end":{"line":12,"column":null}},{"start":{"line":12,"column":49},"end":{"line":12,"column":null}}]},"1":{"loc":{"start":{"line":12,"column":27},"end":{"line":12,"column":49}},"type":"binary-expr","locations":[{"start":{"line":12,"column":27},"end":{"line":12,"column":null}},{"start":{"line":12,"column":27},"end":{"line":12,"column":49}}]},"2":{"loc":{"start":{"line":12,"column":49},"end":{"line":13,"column":null}},"type":"cond-expr","locations":[{"start":{"line":13,"column":55},"end":{"line":13,"column":null}},{"start":{"line":13,"column":55},"end":{"line":13,"column":null}}]},"3":{"loc":{"start":{"line":12,"column":49},"end":{"line":13,"column":55}},"type":"binary-expr","locations":[{"start":{"line":12,"column":49},"end":{"line":13,"column":null}},{"start":{"line":13,"column":39},"end":{"line":13,"column":55}}]}},"s":{"0":2,"1":2,"2":2,"3":2,"4":2,"5":2,"6":2,"7":2,"8":2,"9":1,"10":1,"11":2,"12":2},"f":{"0":2,"1":2},"b":{"0":[2,0],"1":[2,2],"2":[2,0],"3":[2,2]}}
,"/Users/igor/WebstormProjects/smart-link/src/apps/smart-link/controllers/v1/create-link.controller.ts": {"path":"/Users/igor/WebstormProjects/smart-link/src/apps/smart-link/controllers/v1/create-link.controller.ts","statementMap":{"0":{"start":{"line":1,"column":0},"end":{"line":1,"column":null}},"1":{"start":{"line":11,"column":0},"end":{"line":11,"column":61}},"2":{"start":{"line":12,"column":0},"end":{"line":12,"column":72}},"3":{"start":{"line":13,"column":0},"end":{"line":13,"column":null}},"4":{"start":{"line":16,"column":0},"end":{"line":16,"column":88}},"5":{"start":{"line":17,"column":0},"end":{"line":17,"column":77}},"6":{"start":{"line":18,"column":0},"end":{"line":18,"column":67}},"7":{"start":{"line":23,"column":7},"end":{"line":34,"column":null}},"8":{"start":{"line":25,"column":4},"end":{"line":25,"column":12}},"9":{"start":{"line":24,"column":31},"end":{"line":24,"column":44}},"10":{"start":{"line":31,"column":24},"end":{"line":31,"column":63}},"11":{"start":{"line":32,"column":4},"end":{"line":32,"column":52}},"12":{"start":{"line":23,"column":13},"end":{"line":23,"column":33}},"13":{"start":{"line":30,"column":8},"end":{"line":33,"column":null}},"14":{"start":{"line":23,"column":13},"end":{"line":34,"column":null}}},"fnMap":{"0":{"name":"(anonymous_4)","decl":{"start":{"line":24,"column":2},"end":{"line":24,"column":31}},"loc":{"start":{"line":24,"column":55},"end":{"line":26,"column":3}}},"1":{"name":"(anonymous_5)","decl":{"start":{"line":30,"column":2},"end":{"line":30,"column":7}},"loc":{"start":{"line":30,"column":44},"end":{"line":33,"column":3}}}},"branchMap":{"0":{"loc":{"start":{"line":30,"column":31},"end":{"line":30,"column":47}},"type":"cond-expr","locations":[{"start":{"line":30,"column":44},"end":{"line":30,"column":47}},{"start":{"line":30,"column":44},"end":{"line":30,"column":47}}]},"1":{"loc":{"start":{"line":30,"column":31},"end":{"line":30,"column":44}},"type":"binary-expr","locations":[{"start":{"line":30,"column":31},"end":{"line":30,"column":47}},{"start":{"line":30,"column":31},"end":{"line":30,"column":44}}]},"2":{"loc":{"start":{"line":30,"column":47},"end":{"line":30,"column":null}},"type":"cond-expr","locations":[{"start":{"line":30,"column":54},"end":{"line":30,"column":null}},{"start":{"line":30,"column":54},"end":{"line":30,"column":null}}]},"3":{"loc":{"start":{"line":30,"column":47},"end":{"line":30,"column":54}},"type":"binary-expr","locations":[{"start":{"line":30,"column":47},"end":{"line":30,"column":null}},{"start":{"line":30,"column":47},"end":{"line":30,"column":54}}]},"4":{"loc":{"start":{"line":24,"column":44},"end":{"line":24,"column":null}},"type":"cond-expr","locations":[{"start":{"line":24,"column":55},"end":{"line":24,"column":null}},{"start":{"line":24,"column":55},"end":{"line":24,"column":null}}]},"5":{"loc":{"start":{"line":24,"column":44},"end":{"line":24,"column":55}},"type":"binary-expr","locations":[{"start":{"line":24,"column":44},"end":{"line":24,"column":null}},{"start":{"line":24,"column":44},"end":{"line":24,"column":55}}]}},"s":{"0":1,"1":1,"2":1,"3":1,"4":1,"5":1,"6":1,"7":1,"8":1,"9":1,"10":1,"11":1,"12":1,"13":1,"14":1},"f":{"0":1,"1":1},"b":{"0":[1,0],"1":[1,1],"2":[1,0],"3":[1,1],"4":[1,0],"5":[1,1]}}
,"/Users/igor/WebstormProjects/smart-link/src/apps/smart-link/controllers/v1/get-movie.controller.ts": {"path":"/Users/igor/WebstormProjects/smart-link/src/apps/smart-link/controllers/v1/get-movie.controller.ts","statementMap":{"0":{"start":{"line":1,"column":0},"end":{"line":1,"column":null}},"1":{"start":{"line":15,"column":0},"end":{"line":15,"column":61}},"2":{"start":{"line":16,"column":0},"end":{"line":16,"column":69}},"3":{"start":{"line":17,"column":0},"end":{"line":17,"column":78}},"4":{"start":{"line":18,"column":0},"end":{"line":18,"column":72}},"5":{"start":{"line":19,"column":0},"end":{"line":19,"column":88}},"6":{"start":{"line":20,"column":0},"end":{"line":20,"column":77}},"7":{"start":{"line":26,"column":7},"end":{"line":57,"column":null}},"8":{"start":{"line":31,"column":4},"end":{"line":31,"column":12}},"9":{"start":{"line":28,"column":21},"end":{"line":28,"column":38}},"10":{"start":{"line":29,"column":21},"end":{"line":29,"column":34}},"11":{"start":{"line":37,"column":4},"end":{"line":55,"column":5}},"12":{"start":{"line":38,"column":18},"end":{"line":38,"column":46}},"13":{"start":{"line":39,"column":23},"end":{"line":39,"column":63}},"14":{"start":{"line":40,"column":24},"end":{"line":40,"column":64}},"15":{"start":{"line":42,"column":22},"end":{"line":42,"column":75}},"16":{"start":{"line":43,"column":18},"end":{"line":43,"column":42}},"17":{"start":{"line":45,"column":6},"end":{"line":50,"column":7}},"18":{"start":{"line":46,"column":24},"end":{"line":46,"column":51}},"19":{"start":{"line":47,"column":8},"end":{"line":49,"column":9}},"20":{"start":{"line":48,"column":10},"end":{"line":48,"column":31}},"21":{"start":{"line":52,"column":6},"end":{"line":52,"column":31}},"22":{"start":{"line":54,"column":6},"end":{"line":54,"column":92}},"23":{"start":{"line":26,"column":13},"end":{"line":26,"column":31}},"24":{"start":{"line":36,"column":8},"end":{"line":56,"column":null}},"25":{"start":{"line":26,"column":13},"end":{"line":57,"column":null}}},"fnMap":{"0":{"name":"(anonymous_4)","decl":{"start":{"line":27,"column":2},"end":{"line":27,"column":null}},"loc":{"start":{"line":29,"column":45},"end":{"line":32,"column":3}}},"1":{"name":"(anonymous_5)","decl":{"start":{"line":36,"column":2},"end":{"line":36,"column":7}},"loc":{"start":{"line":36,"column":40},"end":{"line":56,"column":3}}}},"branchMap":{"0":{"loc":{"start":{"line":47,"column":8},"end":{"line":49,"column":9}},"type":"if","locations":[{"start":{"line":47,"column":8},"end":{"line":49,"column":9}}]},"1":{"loc":{"start":{"line":36,"column":43},"end":{"line":36,"column":null}},"type":"cond-expr","locations":[{"start":{"line":36,"column":50},"end":{"line":36,"column":null}},{"start":{"line":36,"column":50},"end":{"line":36,"column":null}}]},"2":{"loc":{"start":{"line":36,"column":43},"end":{"line":36,"column":50}},"type":"binary-expr","locations":[{"start":{"line":36,"column":43},"end":{"line":36,"column":null}},{"start":{"line":36,"column":43},"end":{"line":36,"column":50}}]},"3":{"loc":{"start":{"line":28,"column":38},"end":{"line":28,"column":null}},"type":"cond-expr","locations":[{"start":{"line":28,"column":53},"end":{"line":28,"column":null}},{"start":{"line":28,"column":53},"end":{"line":28,"column":null}}]},"4":{"loc":{"start":{"line":28,"column":38},"end":{"line":28,"column":53}},"type":"binary-expr","locations":[{"start":{"line":28,"column":38},"end":{"line":28,"column":null}},{"start":{"line":28,"column":38},"end":{"line":28,"column":53}}]},"5":{"loc":{"start":{"line":28,"column":53},"end":{"line":29,"column":null}},"type":"cond-expr","locations":[{"start":{"line":29,"column":45},"end":{"line":29,"column":null}},{"start":{"line":29,"column":45},"end":{"line":29,"column":null}}]},"6":{"loc":{"start":{"line":28,"column":53},"end":{"line":29,"column":45}},"type":"binary-expr","locations":[{"start":{"line":28,"column":53},"end":{"line":29,"column":null}},{"start":{"line":29,"column":34},"end":{"line":29,"column":45}}]}},"s":{"0":1,"1":1,"2":1,"3":1,"4":1,"5":1,"6":1,"7":1,"8":3,"9":3,"10":3,"11":3,"12":3,"13":3,"14":2,"15":2,"16":2,"17":2,"18":1,"19":1,"20":1,"21":1,"22":1,"23":1,"24":1,"25":1},"f":{"0":3,"1":3},"b":{"0":[1],"1":[1,0],"2":[1,1],"3":[1,0],"4":[1,1],"5":[1,0],"6":[1,1]}}
,"/Users/igor/WebstormProjects/smart-link/src/apps/smart-link/rules/city.decorator.ts": {"path":"/Users/igor/WebstormProjects/smart-link/src/apps/smart-link/rules/city.decorator.ts","statementMap":{"0":{"start":{"line":4,"column":22},"end":{"line":4,"column":51}},"1":{"start":{"line":7,"column":4},"end":{"line":10,"column":6}},"2":{"start":{"line":3,"column":0},"end":{"line":3,"column":13}}},"fnMap":{"0":{"name":"(anonymous_0)","decl":{"start":{"line":4,"column":2},"end":{"line":4,"column":22}},"loc":{"start":{"line":4,"column":51},"end":{"line":4,"column":55}}},"1":{"name":"(anonymous_1)","decl":{"start":{"line":6,"column":2},"end":{"line":6,"column":9}},"loc":{"start":{"line":6,"column":38},"end":{"line":11,"column":3}}}},"branchMap":{"0":{"loc":{"start":{"line":8,"column":6},"end":{"line":9,"column":47}},"type":"binary-expr","locations":[{"start":{"line":8,"column":6},"end":{"line":8,"column":37}},{"start":{"line":9,"column":6},"end":{"line":9,"column":47}}]}},"s":{"0":4,"1":2,"2":2},"f":{"0":4,"1":2},"b":{"0":[2,1]}}
,"/Users/igor/WebstormProjects/smart-link/src/apps/smart-link/rules/country.decorator.ts": {"path":"/Users/igor/WebstormProjects/smart-link/src/apps/smart-link/rules/country.decorator.ts","statementMap":{"0":{"start":{"line":4,"column":22},"end":{"line":4,"column":51}},"1":{"start":{"line":7,"column":4},"end":{"line":10,"column":6}},"2":{"start":{"line":3,"column":0},"end":{"line":3,"column":13}}},"fnMap":{"0":{"name":"(anonymous_0)","decl":{"start":{"line":4,"column":2},"end":{"line":4,"column":22}},"loc":{"start":{"line":4,"column":51},"end":{"line":4,"column":55}}},"1":{"name":"(anonymous_1)","decl":{"start":{"line":6,"column":2},"end":{"line":6,"column":9}},"loc":{"start":{"line":6,"column":38},"end":{"line":11,"column":3}}}},"branchMap":{"0":{"loc":{"start":{"line":8,"column":6},"end":{"line":9,"column":47}},"type":"binary-expr","locations":[{"start":{"line":8,"column":6},"end":{"line":8,"column":43}},{"start":{"line":9,"column":6},"end":{"line":9,"column":47}}]}},"s":{"0":4,"1":2,"2":2},"f":{"0":4,"1":2},"b":{"0":[2,1]}}
,"/Users/igor/WebstormProjects/smart-link/src/apps/smart-link/rules/datetime.decorator.ts": {"path":"/Users/igor/WebstormProjects/smart-link/src/apps/smart-link/rules/datetime.decorator.ts","statementMap":{"0":{"start":{"line":4,"column":22},"end":{"line":4,"column":51}},"1":{"start":{"line":7,"column":21},"end":{"line":7,"column":48}},"2":{"start":{"line":8,"column":19},"end":{"line":8,"column":46}},"3":{"start":{"line":9,"column":4},"end":{"line":12,"column":6}},"4":{"start":{"line":3,"column":0},"end":{"line":3,"column":13}}},"fnMap":{"0":{"name":"(anonymous_0)","decl":{"start":{"line":4,"column":2},"end":{"line":4,"column":22}},"loc":{"start":{"line":4,"column":51},"end":{"line":4,"column":55}}},"1":{"name":"(anonymous_1)","decl":{"start":{"line":6,"column":2},"end":{"line":6,"column":9}},"loc":{"start":{"line":6,"column":38},"end":{"line":13,"column":3}}}},"branchMap":{"0":{"loc":{"start":{"line":10,"column":6},"end":{"line":11,"column":47}},"type":"binary-expr","locations":[{"start":{"line":10,"column":6},"end":{"line":10,"column":80}},{"start":{"line":11,"column":6},"end":{"line":11,"column":47}}]}},"s":{"0":6,"1":4,"2":4,"3":4,"4":2},"f":{"0":6,"1":4},"b":{"0":[4,3]}}
,"/Users/igor/WebstormProjects/smart-link/src/dynamic-modules/config-service/config.service.ts": {"path":"/Users/igor/WebstormProjects/smart-link/src/dynamic-modules/config-service/config.service.ts","statementMap":{"0":{"start":{"line":1,"column":0},"end":{"line":1,"column":29}},"1":{"start":{"line":3,"column":0},"end":{"line":3,"column":44}},"2":{"start":{"line":4,"column":0},"end":{"line":4,"column":52}},"3":{"start":{"line":5,"column":0},"end":{"line":5,"column":47}},"4":{"start":{"line":6,"column":0},"end":{"line":6,"column":33}},"5":{"start":{"line":9,"column":7},"end":{"line":34,"column":null}},"6":{"start":{"line":13,"column":18},"end":{"line":13,"column":65}},"7":{"start":{"line":15,"column":2},"end":{"line":18,"column":5}},"8":{"start":{"line":20,"column":2},"end":{"line":23,"column":5}},"9":{"start":{"line":25,"column":17},"end":{"line":25,"column":42}},"10":{"start":{"line":26,"column":2},"end":{"line":28,"column":3}},"11":{"start":{"line":27,"column":3},"end":{"line":27,"column":67}},"12":{"start":{"line":32,"column":2},"end":{"line":32,"column":26}},"13":{"start":{"line":9,"column":22},"end":{"line":9,"column":35}},"14":{"start":{"line":9,"column":22},"end":{"line":34,"column":null}}},"fnMap":{"0":{"name":"(anonymous_11)","decl":{"start":{"line":12,"column":1},"end":{"line":12,"column":23}},"loc":{"start":{"line":12,"column":69},"end":{"line":29,"column":2}}},"1":{"name":"(anonymous_12)","decl":{"start":{"line":31,"column":1},"end":{"line":31,"column":4}},"loc":{"start":{"line":31,"column":30},"end":{"line":33,"column":2}}}},"branchMap":{"0":{"loc":{"start":{"line":13,"column":43},"end":{"line":13,"column":64}},"type":"binary-expr","locations":[{"start":{"line":13,"column":43},"end":{"line":13,"column":54}},{"start":{"line":13,"column":58},"end":{"line":13,"column":64}}]},"1":{"loc":{"start":{"line":26,"column":2},"end":{"line":28,"column":3}},"type":"if","locations":[{"start":{"line":26,"column":2},"end":{"line":28,"column":3}}]}},"s":{"0":9,"1":9,"2":9,"3":9,"4":9,"5":9,"6":6,"7":6,"8":6,"9":6,"10":6,"11":1,"12":4,"13":9,"14":9},"f":{"0":6,"1":4},"b":{"0":[6,6],"1":[1]}}
,"/Users/igor/WebstormProjects/smart-link/src/dynamic-modules/redis/redis.service.ts": {"path":"/Users/igor/WebstormProjects/smart-link/src/dynamic-modules/redis/redis.service.ts","statementMap":{"0":{"start":{"line":1,"column":0},"end":{"line":1,"column":82}},"1":{"start":{"line":2,"column":0},"end":{"line":2,"column":28}},"2":{"start":{"line":5,"column":0},"end":{"line":5,"column":50}},"3":{"start":{"line":8,"column":7},"end":{"line":62,"column":null}},"4":{"start":{"line":15,"column":2},"end":{"line":15,"column":40}},"5":{"start":{"line":17,"column":2},"end":{"line":19,"column":5}},"6":{"start":{"line":18,"column":3},"end":{"line":18,"column":53}},"7":{"start":{"line":23,"column":2},"end":{"line":23,"column":21}},"8":{"start":{"line":27,"column":2},"end":{"line":35,"column":3}},"9":{"start":{"line":28,"column":3},"end":{"line":28,"column":53}},"10":{"start":{"line":29,"column":3},"end":{"line":31,"column":4}},"11":{"start":{"line":30,"column":4},"end":{"line":30,"column":39}},"12":{"start":{"line":33,"column":3},"end":{"line":33,"column":49}},"13":{"start":{"line":34,"column":3},"end":{"line":34,"column":67}},"14":{"start":{"line":40,"column":2},"end":{"line":46,"column":3}},"15":{"start":{"line":41,"column":21},"end":{"line":41,"column":47}},"16":{"start":{"line":42,"column":3},"end":{"line":42,"column":53}},"17":{"start":{"line":44,"column":3},"end":{"line":44,"column":50}},"18":{"start":{"line":45,"column":3},"end":{"line":45,"column":68}},"19":{"start":{"line":47,"column":2},"end":{"line":47,"column":16}},"20":{"start":{"line":51,"column":2},"end":{"line":56,"column":3}},"21":{"start":{"line":52,"column":3},"end":{"line":52,"column":30}},"22":{"start":{"line":54,"column":3},"end":{"line":54,"column":52}},"23":{"start":{"line":55,"column":3},"end":{"line":55,"column":70}},"24":{"start":{"line":60,"column":2},"end":{"line":60,"column":27}},"25":{"start":{"line":8,"column":13},"end":{"line":8,"column":25}},"26":{"start":{"line":8,"column":13},"end":{"line":62,"column":null}}},"fnMap":{"0":{"name":"(anonymous_5)","decl":{"start":{"line":11,"column":1},"end":{"line":11,"column":null}},"loc":{"start":{"line":13,"column":28},"end":{"line":20,"column":2}}},"1":{"name":"(anonymous_6)","decl":{"start":{"line":17,"column":26},"end":{"line":17,"column":27}},"loc":{"start":{"line":17,"column":36},"end":{"line":19,"column":3}}},"2":{"name":"(anonymous_7)","decl":{"start":{"line":22,"column":1},"end":{"line":22,"column":10}},"loc":{"start":{"line":22,"column":10},"end":{"line":24,"column":2}}},"3":{"name":"(anonymous_8)","decl":{"start":{"line":26,"column":1},"end":{"line":26,"column":6}},"loc":{"start":{"line":26,"column":48},"end":{"line":36,"column":2}}},"4":{"name":"(anonymous_9)","decl":{"start":{"line":38,"column":1},"end":{"line":38,"column":6}},"loc":{"start":{"line":38,"column":22},"end":{"line":48,"column":2}}},"5":{"name":"(anonymous_10)","decl":{"start":{"line":50,"column":1},"end":{"line":50,"column":6}},"loc":{"start":{"line":50,"column":22},"end":{"line":57,"column":2}}},"6":{"name":"(anonymous_11)","decl":{"start":{"line":59,"column":1},"end":{"line":59,"column":6}},"loc":{"start":{"line":59,"column":11},"end":{"line":61,"column":2}}}},"branchMap":{"0":{"loc":{"start":{"line":29,"column":3},"end":{"line":31,"column":4}},"type":"if","locations":[{"start":{"line":29,"column":3},"end":{"line":31,"column":4}}]},"1":{"loc":{"start":{"line":42,"column":12},"end":{"line":42,"column":52}},"type":"cond-expr","locations":[{"start":{"line":42,"column":24},"end":{"line":42,"column":45}},{"start":{"line":42,"column":48},"end":{"line":42,"column":52}}]}},"s":{"0":5,"1":5,"2":5,"3":5,"4":10,"5":10,"6":0,"7":0,"8":3,"9":3,"10":2,"11":1,"12":1,"13":1,"14":3,"15":3,"16":2,"17":1,"18":1,"19":2,"20":2,"21":2,"22":1,"23":1,"24":1,"25":5,"26":5},"f":{"0":10,"1":0,"2":0,"3":3,"4":3,"5":2,"6":1},"b":{"0":[1],"1":[1,1]}}
,"/Users/igor/WebstormProjects/smart-link/src/libs/base-controller/base.controller.ts": {"path":"/Users/igor/WebstormProjects/smart-link/src/libs/base-controller/base.controller.ts","statementMap":{"0":{"start":{"line":1,"column":0},"end":{"line":1,"column":44}},"1":{"start":{"line":4,"column":7},"end":{"line":6,"column":null}},"2":{"start":{"line":4,"column":22},"end":{"line":4,"column":36}},"3":{"start":{"line":4,"column":22},"end":{"line":6,"column":null}}},"fnMap":{},"branchMap":{},"s":{"0":4,"1":4,"2":4,"3":4},"f":{},"b":{}}
,"/Users/igor/WebstormProjects/smart-link/src/libs/contracts/index.ts": {"path":"/Users/igor/WebstormProjects/smart-link/src/libs/contracts/index.ts","statementMap":{"0":{"start":{"line":1,"column":0},"end":{"line":1,"column":28}}},"fnMap":{},"branchMap":{},"s":{"0":2},"f":{},"b":{}}
,"/Users/igor/WebstormProjects/smart-link/src/libs/filters/exceptions.filter.ts": {"path":"/Users/igor/WebstormProjects/smart-link/src/libs/filters/exceptions.filter.ts","statementMap":{"0":{"start":{"line":1,"column":0},"end":{"line":1,"column":null}},"1":{"start":{"line":19,"column":7},"end":{"line":51,"column":null}},"2":{"start":{"line":21,"column":14},"end":{"line":21,"column":33}},"3":{"start":{"line":22,"column":19},"end":{"line":22,"column":46}},"4":{"start":{"line":23,"column":15},"end":{"line":23,"column":47}},"5":{"start":{"line":26,"column":2},"end":{"line":43,"column":3}},"6":{"start":{"line":27,"column":3},"end":{"line":27,"column":34}},"7":{"start":{"line":28,"column":24},"end":{"line":28,"column":65}},"8":{"start":{"line":29,"column":3},"end":{"line":36,"column":5}},"9":{"start":{"line":38,"column":3},"end":{"line":42,"column":5}},"10":{"start":{"line":45,"column":2},"end":{"line":49,"column":5}},"11":{"start":{"line":19,"column":13},"end":{"line":19,"column":29}},"12":{"start":{"line":19,"column":13},"end":{"line":51,"column":null}}},"fnMap":{"0":{"name":"(anonymous_1)","decl":{"start":{"line":20,"column":1},"end":{"line":20,"column":6}},"loc":{"start":{"line":20,"column":44},"end":{"line":50,"column":2}}}},"branchMap":{"0":{"loc":{"start":{"line":26,"column":2},"end":{"line":43,"column":3}},"type":"if","locations":[{"start":{"line":26,"column":2},"end":{"line":43,"column":3}},{"start":{"line":37,"column":9},"end":{"line":43,"column":3}}]},"1":{"loc":{"start":{"line":30,"column":11},"end":{"line":30,"column":51}},"type":"binary-expr","locations":[{"start":{"line":30,"column":11},"end":{"line":30,"column":29}},{"start":{"line":30,"column":33},"end":{"line":30,"column":51}}]},"2":{"loc":{"start":{"line":31,"column":15},"end":{"line":31,"column":59}},"type":"binary-expr","locations":[{"start":{"line":31,"column":15},"end":{"line":31,"column":37}},{"start":{"line":31,"column":41},"end":{"line":31,"column":59}}]},"3":{"loc":{"start":{"line":32,"column":13},"end":{"line":32,"column":39}},"type":"binary-expr","locations":[{"start":{"line":32,"column":13},"end":{"line":32,"column":33}},{"start":{"line":32,"column":37},"end":{"line":32,"column":39}}]},"4":{"loc":{"start":{"line":33,"column":8},"end":{"line":35,"column":6}},"type":"binary-expr","locations":[{"start":{"line":33,"column":8},"end":{"line":33,"column":37}},{"start":{"line":33,"column":41},"end":{"line":35,"column":6}}]},"5":{"loc":{"start":{"line":41,"column":13},"end":{"line":41,"column":54}},"type":"binary-expr","locations":[{"start":{"line":41,"column":13},"end":{"line":41,"column":30}},{"start":{"line":41,"column":34},"end":{"line":41,"column":54}}]}},"s":{"0":1,"1":1,"2":4,"3":4,"4":4,"5":4,"6":4,"7":4,"8":4,"9":0,"10":4,"11":1,"12":1},"f":{"0":4},"b":{"0":[4,0],"1":[4,1],"2":[4,1],"3":[4,2],"4":[4,1],"5":[0,0]}}
,"/Users/igor/WebstormProjects/smart-link/src/libs/interceptors/http-response.interceptor.ts": {"path":"/Users/igor/WebstormProjects/smart-link/src/libs/interceptors/http-response.interceptor.ts","statementMap":{"0":{"start":{"line":1,"column":0},"end":{"line":1,"column":92}},"1":{"start":{"line":3,"column":0},"end":{"line":3,"column":37}},"2":{"start":{"line":13,"column":7},"end":{"line":26,"column":null}},"3":{"start":{"line":15,"column":2},"end":{"line":24,"column":4}},"4":{"start":{"line":17,"column":4},"end":{"line":22,"column":null}},"5":{"start":{"line":13,"column":13},"end":{"line":13,"column":36}},"6":{"start":{"line":13,"column":13},"end":{"line":26,"column":null}}},"fnMap":{"0":{"name":"(anonymous_1)","decl":{"start":{"line":14,"column":1},"end":{"line":14,"column":10}},"loc":{"start":{"line":14,"column":55},"end":{"line":25,"column":2}}},"1":{"name":"(anonymous_2)","decl":{"start":{"line":16,"column":7},"end":{"line":16,"column":8}},"loc":{"start":{"line":16,"column":16},"end":{"line":23,"column":4}}}},"branchMap":{},"s":{"0":5,"1":5,"2":5,"3":4,"4":4,"5":5,"6":5},"f":{"0":4,"1":4},"b":{}}
,"/Users/igor/WebstormProjects/smart-link/src/libs/pipes/request-validation.pipe.ts": {"path":"/Users/igor/WebstormProjects/smart-link/src/libs/pipes/request-validation.pipe.ts","statementMap":{"0":{"start":{"line":1,"column":0},"end":{"line":1,"column":104}},"1":{"start":{"line":5,"column":7},"end":{"line":39,"column":null}},"2":{"start":{"line":7,"column":2},"end":{"line":37,"column":5}},"3":{"start":{"line":19,"column":21},"end":{"line":24,"column":17}},"4":{"start":{"line":20,"column":5},"end":{"line":22,"column":6}},"5":{"start":{"line":21,"column":6},"end":{"line":21,"column":46}},"6":{"start":{"line":23,"column":5},"end":{"line":23,"column":16}},"7":{"start":{"line":26,"column":4},"end":{"line":34,"column":6}},"8":{"start":{"line":5,"column":13},"end":{"line":5,"column":34}},"9":{"start":{"line":5,"column":13},"end":{"line":39,"column":null}}},"fnMap":{"0":{"name":"(anonymous_2)","decl":{"start":{"line":6,"column":1},"end":{"line":6,"column":13}},"loc":{"start":{"line":6,"column":44},"end":{"line":38,"column":2}}},"1":{"name":"(anonymous_3)","decl":{"start":{"line":18,"column":21},"end":{"line":18,"column":22}},"loc":{"start":{"line":18,"column":51},"end":{"line":35,"column":4}}},"2":{"name":"(anonymous_4)","decl":{"start":{"line":19,"column":35},"end":{"line":19,"column":36}},"loc":{"start":{"line":19,"column":50},"end":{"line":24,"column":5}}}},"branchMap":{"0":{"loc":{"start":{"line":20,"column":5},"end":{"line":22,"column":6}},"type":"if","locations":[{"start":{"line":20,"column":5},"end":{"line":22,"column":6}}]}},"s":{"0":5,"1":5,"2":14,"3":2,"4":3,"5":2,"6":3,"7":2,"8":5,"9":5},"f":{"0":14,"1":2,"2":3},"b":{"0":[2]}}
,"/Users/igor/WebstormProjects/smart-link/src/libs/repository/base.repository.ts": {"path":"/Users/igor/WebstormProjects/smart-link/src/libs/repository/base.repository.ts","statementMap":{"0":{"start":{"line":1,"column":0},"end":{"line":1,"column":44}},"1":{"start":{"line":8,"column":7},"end":{"line":45,"column":null}},"2":{"start":{"line":9,"column":38},"end":{"line":9,"column":40}},"3":{"start":{"line":10,"column":30},"end":{"line":10,"column":35}},"4":{"start":{"line":12,"column":42},"end":{"line":12,"column":63}},"5":{"start":{"line":15,"column":23},"end":{"line":15,"column":51}},"6":{"start":{"line":16,"column":2},"end":{"line":16,"column":33}},"7":{"start":{"line":17,"column":2},"end":{"line":17,"column":14}},"8":{"start":{"line":21,"column":2},"end":{"line":23,"column":9}},"9":{"start":{"line":22,"column":3},"end":{"line":22,"column":31}},"10":{"start":{"line":27,"column":2},"end":{"line":27,"column":22}},"11":{"start":{"line":28,"column":2},"end":{"line":28,"column":14}},"12":{"start":{"line":32,"column":2},"end":{"line":32,"column":46}},"13":{"start":{"line":32,"column":32},"end":{"line":32,"column":46}},"14":{"start":{"line":34,"column":23},"end":{"line":37,"column":4}},"15":{"start":{"line":39,"column":2},"end":{"line":41,"column":3}},"16":{"start":{"line":40,"column":3},"end":{"line":40,"column":58}},"17":{"start":{"line":40,"column":29},"end":{"line":40,"column":51}},"18":{"start":{"line":43,"column":2},"end":{"line":43,"column":39}},"19":{"start":{"line":8,"column":22},"end":{"line":8,"column":36}},"20":{"start":{"line":8,"column":22},"end":{"line":45,"column":null}}},"fnMap":{"0":{"name":"(anonymous_2)","decl":{"start":{"line":12,"column":1},"end":{"line":12,"column":42}},"loc":{"start":{"line":12,"column":63},"end":{"line":12,"column":67}}},"1":{"name":"(anonymous_3)","decl":{"start":{"line":14,"column":1},"end":{"line":14,"column":6}},"loc":{"start":{"line":14,"column":43},"end":{"line":18,"column":2}}},"2":{"name":"(anonymous_4)","decl":{"start":{"line":20,"column":11},"end":{"line":20,"column":22}},"loc":{"start":{"line":20,"column":22},"end":{"line":24,"column":2}}},"3":{"name":"(anonymous_5)","decl":{"start":{"line":21,"column":28},"end":{"line":21,"column":29}},"loc":{"start":{"line":21,"column":43},"end":{"line":23,"column":3}}},"4":{"name":"(anonymous_6)","decl":{"start":{"line":26,"column":1},"end":{"line":26,"column":6}},"loc":{"start":{"line":26,"column":6},"end":{"line":29,"column":2}}},"5":{"name":"(anonymous_7)","decl":{"start":{"line":31,"column":11},"end":{"line":31,"column":23}},"loc":{"start":{"line":31,"column":59},"end":{"line":44,"column":2}}},"6":{"name":"(anonymous_8)","decl":{"start":{"line":40,"column":21},"end":{"line":40,"column":25}},"loc":{"start":{"line":40,"column":29},"end":{"line":40,"column":51}}}},"branchMap":{"0":{"loc":{"start":{"line":32,"column":2},"end":{"line":32,"column":46}},"type":"if","locations":[{"start":{"line":32,"column":2},"end":{"line":32,"column":46}}]},"1":{"loc":{"start":{"line":32,"column":6},"end":{"line":32,"column":30}},"type":"binary-expr","locations":[{"start":{"line":32,"column":6},"end":{"line":32,"column":13}},{"start":{"line":32,"column":17},"end":{"line":32,"column":30}}]},"2":{"loc":{"start":{"line":39,"column":2},"end":{"line":41,"column":3}},"type":"if","locations":[{"start":{"line":39,"column":2},"end":{"line":41,"column":3}}]}},"s":{"0":7,"1":7,"2":8,"3":8,"4":8,"5":7,"6":7,"7":7,"8":8,"9":7,"10":1,"11":1,"12":6,"13":5,"14":1,"15":1,"16":0,"17":0,"18":1,"19":7,"20":7},"f":{"0":8,"1":7,"2":8,"3":7,"4":1,"5":6,"6":0},"b":{"0":[5],"1":[6,6],"2":[0]}}
,"/Users/igor/WebstormProjects/smart-link/src/libs/repository/generic.repository.ts": {"path":"/Users/igor/WebstormProjects/smart-link/src/libs/repository/generic.repository.ts","statementMap":{"0":{"start":{"line":1,"column":0},"end":{"line":1,"column":44}},"1":{"start":{"line":9,"column":0},"end":{"line":9,"column":67}},"2":{"start":{"line":12,"column":7},"end":{"line":67,"column":null}},"3":{"start":{"line":14,"column":2},"end":{"line":14,"column":15}},"4":{"start":{"line":18,"column":17},"end":{"line":18,"column":61}},"5":{"start":{"line":19,"column":2},"end":{"line":19,"column":35}},"6":{"start":{"line":23,"column":17},"end":{"line":23,"column":61}},"7":{"start":{"line":24,"column":2},"end":{"line":24,"column":35}},"8":{"start":{"line":28,"column":17},"end":{"line":28,"column":66}},"9":{"start":{"line":29,"column":2},"end":{"line":29,"column":35}},"10":{"start":{"line":33,"column":17},"end":{"line":33,"column":66}},"11":{"start":{"line":34,"column":2},"end":{"line":34,"column":35}},"12":{"start":{"line":38,"column":17},"end":{"line":41,"column":4}},"13":{"start":{"line":42,"column":2},"end":{"line":42,"column":35}},"14":{"start":{"line":46,"column":17},"end":{"line":46,"column":35}},"15":{"start":{"line":48,"column":19},"end":{"line":54,"column":null}},"16":{"start":{"line":57,"column":2},"end":{"line":57,"column":33}},"17":{"start":{"line":61,"column":2},"end":{"line":61,"column":48}},"18":{"start":{"line":65,"column":2},"end":{"line":65,"column":46}},"19":{"start":{"line":12,"column":13},"end":{"line":12,"column":30}},"20":{"start":{"line":12,"column":13},"end":{"line":67,"column":null}}},"fnMap":{"0":{"name":"(anonymous_2)","decl":{"start":{"line":13,"column":1},"end":{"line":13,"column":13}},"loc":{"start":{"line":13,"column":34},"end":{"line":15,"column":2}}},"1":{"name":"(anonymous_3)","decl":{"start":{"line":17,"column":1},"end":{"line":17,"column":6}},"loc":{"start":{"line":17,"column":14},"end":{"line":20,"column":2}}},"2":{"name":"(anonymous_4)","decl":{"start":{"line":22,"column":1},"end":{"line":22,"column":6}},"loc":{"start":{"line":22,"column":14},"end":{"line":25,"column":2}}},"3":{"name":"(anonymous_5)","decl":{"start":{"line":27,"column":1},"end":{"line":27,"column":6}},"loc":{"start":{"line":27,"column":35},"end":{"line":30,"column":2}}},"4":{"name":"(anonymous_6)","decl":{"start":{"line":32,"column":1},"end":{"line":32,"column":6}},"loc":{"start":{"line":32,"column":41},"end":{"line":35,"column":2}}},"5":{"name":"(anonymous_7)","decl":{"start":{"line":37,"column":1},"end":{"line":37,"column":6}},"loc":{"start":{"line":37,"column":47},"end":{"line":43,"column":2}}},"6":{"name":"(anonymous_8)","decl":{"start":{"line":45,"column":1},"end":{"line":45,"column":6}},"loc":{"start":{"line":45,"column":42},"end":{"line":58,"column":2}}},"7":{"name":"(anonymous_9)","decl":{"start":{"line":60,"column":1},"end":{"line":60,"column":6}},"loc":{"start":{"line":60,"column":13},"end":{"line":62,"column":2}}},"8":{"name":"(anonymous_10)","decl":{"start":{"line":64,"column":1},"end":{"line":64,"column":6}},"loc":{"start":{"line":64,"column":12},"end":{"line":66,"column":2}}}},"branchMap":{},"s":{"0":7,"1":7,"2":7,"3":8,"4":1,"5":1,"6":2,"7":2,"8":1,"9":1,"10":1,"11":1,"12":0,"13":0,"14":1,"15":1,"16":1,"17":1,"18":1,"19":7,"20":7},"f":{"0":8,"1":1,"2":2,"3":1,"4":1,"5":0,"6":1,"7":1,"8":1},"b":{}}
,"/Users/igor/WebstormProjects/smart-link/src/libs/resources/base-resource.ts": {"path":"/Users/igor/WebstormProjects/smart-link/src/libs/resources/base-resource.ts","statementMap":{"0":{"start":{"line":1,"column":0},"end":{"line":1,"column":52}},"1":{"start":{"line":7,"column":4},"end":{"line":9,"column":5}},"2":{"start":{"line":8,"column":6},"end":{"line":8,"column":23}},"3":{"start":{"line":13,"column":4},"end":{"line":16,"column":7}},"4":{"start":{"line":3,"column":0},"end":{"line":3,"column":22}}},"fnMap":{"0":{"name":"(anonymous_0)","decl":{"start":{"line":6,"column":2},"end":{"line":6,"column":14}},"loc":{"start":{"line":6,"column":40},"end":{"line":10,"column":3}}},"1":{"name":"(anonymous_1)","decl":{"start":{"line":12,"column":12},"end":{"line":12,"column":22}},"loc":{"start":{"line":12,"column":52},"end":{"line":17,"column":3}}}},"branchMap":{"0":{"loc":{"start":{"line":7,"column":4},"end":{"line":9,"column":5}},"type":"if","locations":[{"start":{"line":7,"column":4},"end":{"line":9,"column":5}}]}},"s":{"0":1,"1":2,"2":1,"3":1,"4":1},"f":{"0":2,"1":1},"b":{"0":[1]}}
,"/Users/igor/WebstormProjects/smart-link/src/libs/resources/link/link.resource.ts": {"path":"/Users/igor/WebstormProjects/smart-link/src/libs/resources/link/link.resource.ts","statementMap":{"0":{"start":{"line":1,"column":0},"end":{"line":1,"column":null}},"1":{"start":{"line":6,"column":0},"end":{"line":6,"column":62}},"2":{"start":{"line":10,"column":2},"end":{"line":10,"column":null}},"3":{"start":{"line":13,"column":2},"end":{"line":13,"column":null}},"4":{"start":{"line":16,"column":2},"end":{"line":16,"column":null}},"5":{"start":{"line":19,"column":2},"end":{"line":19,"column":null}},"6":{"start":{"line":42,"column":4},"end":{"line":42,"column":41}},"7":{"start":{"line":22,"column":0},"end":{"line":22,"column":13}},"8":{"start":{"line":24,"column":2},"end":{"line":24,"column":null}},"9":{"start":{"line":27,"column":2},"end":{"line":27,"column":null}},"10":{"start":{"line":30,"column":2},"end":{"line":30,"column":null}},"11":{"start":{"line":39,"column":2},"end":{"line":39,"column":null}},"12":{"start":{"line":34,"column":4},"end":{"line":36,"column":5}},"13":{"start":{"line":35,"column":6},"end":{"line":35,"column":61}},"14":{"start":{"line":35,"column":33},"end":{"line":35,"column":43}},"15":{"start":{"line":37,"column":4},"end":{"line":37,"column":17}}},"fnMap":{"0":{"name":"(anonymous_2)","decl":{"start":{"line":41,"column":2},"end":{"line":41,"column":10}},"loc":{"start":{"line":41,"column":10},"end":{"line":43,"column":3}}},"1":{"name":"(anonymous_3)","decl":{"start":{"line":33,"column":13},"end":{"line":33,"column":14}},"loc":{"start":{"line":33,"column":27},"end":{"line":38,"column":3}}},"2":{"name":"(anonymous_4)","decl":{"start":{"line":35,"column":23},"end":{"line":35,"column":24}},"loc":{"start":{"line":35,"column":33},"end":{"line":35,"column":43}}}},"branchMap":{"0":{"loc":{"start":{"line":34,"column":4},"end":{"line":36,"column":5}},"type":"if","locations":[{"start":{"line":34,"column":4},"end":{"line":36,"column":5}}]}},"s":{"0":1,"1":1,"2":1,"3":1,"4":1,"5":1,"6":1,"7":1,"8":1,"9":1,"10":1,"11":1,"12":1,"13":1,"14":1,"15":0},"f":{"0":1,"1":1,"2":1},"b":{"0":[1]}}
}
