TN:
SF:src/apps/auth/auth.service.ts
FN:28,(anonymous_11)
FN:35,(anonymous_12)
FN:73,(anonymous_13)
FNF:3
FNH:3
FNDA:6,(anonymous_11)
FNDA:3,(anonymous_12)
FNDA:3,(anonymous_13)
DA:1,3
DA:6,3
DA:8,3
DA:9,3
DA:10,3
DA:15,3
DA:16,3
DA:17,3
DA:19,3
DA:27,3
DA:29,6
DA:30,6
DA:31,6
DA:32,6
DA:36,3
DA:38,3
DA:44,3
DA:45,1
DA:51,2
DA:53,2
DA:54,1
DA:59,1
DA:61,1
DA:67,1
DA:74,3
DA:79,3
DA:80,1
DA:91,2
DA:93,2
DA:98,2
DA:99,2
DA:101,1
DA:111,1
LF:33
LH:33
BRDA:44,0,0,1
BRDA:53,1,0,1
BRDA:79,2,0,1
BRDA:29,3,0,3
BRDA:29,3,1,0
BRDA:29,4,0,3
BRDA:29,4,1,3
BRDA:29,5,0,3
BRDA:29,5,1,0
BRDA:29,6,0,3
BRDA:29,6,1,3
BRDA:30,7,0,3
BRDA:30,7,1,0
BRDA:30,8,0,3
BRDA:30,8,1,3
BRDA:31,9,0,3
BRDA:31,9,1,0
BRDA:31,10,0,3
BRDA:31,10,1,3
BRF:19
BRH:15
end_of_record
TN:
SF:src/apps/auth/token.service.ts
FN:10,(anonymous_2)
FN:15,(anonymous_3)
FNF:2
FNH:2
FNDA:2,(anonymous_2)
FNDA:2,(anonymous_3)
DA:1,4
DA:2,4
DA:6,4
DA:9,4
DA:11,2
DA:12,2
DA:16,2
DA:22,2
DA:30,1
LF:9
LH:9
BRDA:11,0,0,4
BRDA:11,0,1,0
BRDA:11,1,0,4
BRDA:11,1,1,4
BRDA:11,2,0,4
BRDA:11,2,1,0
BRDA:11,3,0,4
BRDA:11,3,1,4
BRF:8
BRH:6
end_of_record
TN:
SF:src/apps/auth/controllers/v1/login.controller.ts
FN:17,(anonymous_4)
FN:23,(anonymous_5)
FNF:2
FNH:2
FNDA:3,(anonymous_4)
FNDA:3,(anonymous_5)
DA:1,1
DA:3,1
DA:4,1
DA:8,1
DA:9,1
DA:11,1
DA:16,1
DA:17,3
DA:18,3
DA:23,1
DA:24,3
LF:11
LH:11
BRDA:23,0,0,1
BRDA:23,0,1,0
BRDA:23,1,0,1
BRDA:23,1,1,1
BRDA:23,2,0,1
BRDA:23,2,1,0
BRDA:23,3,0,1
BRDA:23,3,1,1
BRDA:17,4,0,1
BRDA:17,4,1,0
BRDA:17,5,0,1
BRDA:17,5,1,1
BRF:12
BRH:9
end_of_record
TN:
SF:src/apps/auth/controllers/v1/register.controller.ts
FN:13,(anonymous_4)
FN:19,(anonymous_5)
FNF:2
FNH:2
FNDA:3,(anonymous_4)
FNDA:3,(anonymous_5)
DA:1,1
DA:3,1
DA:4,1
DA:5,1
DA:6,1
DA:7,1
DA:12,1
DA:13,3
DA:14,3
DA:19,1
DA:20,3
LF:11
LH:11
BRDA:19,0,0,1
BRDA:19,0,1,0
BRDA:19,1,0,1
BRDA:19,1,1,1
BRDA:19,2,0,1
BRDA:19,2,1,0
BRDA:19,3,0,1
BRDA:19,3,1,1
BRDA:13,4,0,1
BRDA:13,4,1,0
BRDA:13,5,0,1
BRDA:13,5,1,1
BRF:12
BRH:9
end_of_record
TN:
SF:src/apps/smart-link/link.service.ts
FN:25,(anonymous_4)
FN:31,(anonymous_5)
FN:44,(anonymous_6)
FN:72,(anonymous_7)
FN:91,(anonymous_8)
FNF:5
FNH:5
FNDA:5,(anonymous_4)
FNDA:3,(anonymous_5)
FNDA:2,(anonymous_6)
FNDA:2,(anonymous_7)
FNDA:2,(anonymous_8)
DA:1,3
DA:7,3
DA:9,3
DA:16,3
DA:18,3
DA:19,3
DA:20,3
DA:21,3
DA:24,3
DA:26,5
DA:27,5
DA:28,5
DA:32,3
DA:33,3
DA:35,3
DA:36,3
DA:37,3
DA:39,3
DA:44,2
DA:49,2
DA:54,1
DA:55,1
DA:57,2
DA:58,2
DA:69,1
DA:73,2
DA:79,2
DA:80,1
DA:91,2
DA:92,1
LF:30
LH:30
BRDA:79,0,0,1
BRDA:26,1,0,3
BRDA:26,1,1,0
BRDA:26,2,0,3
BRDA:26,2,1,3
BRDA:26,3,0,3
BRDA:26,3,1,0
BRDA:26,4,0,3
BRDA:26,4,1,3
BRDA:27,5,0,3
BRDA:27,5,1,0
BRDA:27,6,0,3
BRDA:27,6,1,3
BRF:13
BRH:10
end_of_record
TN:
SF:src/apps/smart-link/location.service.ts
FN:11,(anonymous_2)
FN:18,(anonymous_3)
FNF:2
FNH:2
FNDA:2,(anonymous_2)
FNDA:2,(anonymous_3)
DA:1,2
DA:3,2
DA:4,2
DA:8,2
DA:12,2
DA:13,2
DA:15,2
DA:19,2
DA:20,2
DA:21,1
DA:27,1
LF:11
LH:11
BRDA:12,0,0,2
BRDA:12,0,1,0
BRDA:12,1,0,2
BRDA:12,1,1,2
BRDA:12,2,0,2
BRDA:12,2,1,0
BRDA:12,3,0,2
BRDA:12,3,1,2
BRF:8
BRH:6
end_of_record
TN:
SF:src/apps/smart-link/controllers/v1/create-link.controller.ts
FN:24,(anonymous_4)
FN:30,(anonymous_5)
FNF:2
FNH:2
FNDA:1,(anonymous_4)
FNDA:1,(anonymous_5)
DA:1,1
DA:11,1
DA:12,1
DA:13,1
DA:16,1
DA:17,1
DA:18,1
DA:23,1
DA:24,1
DA:25,1
DA:30,1
DA:31,1
DA:32,1
LF:13
LH:13
BRDA:30,0,0,1
BRDA:30,0,1,0
BRDA:30,1,0,1
BRDA:30,1,1,1
BRDA:30,2,0,1
BRDA:30,2,1,0
BRDA:30,3,0,1
BRDA:30,3,1,1
BRDA:24,4,0,1
BRDA:24,4,1,0
BRDA:24,5,0,1
BRDA:24,5,1,1
BRF:12
BRH:9
end_of_record
TN:
SF:src/apps/smart-link/controllers/v1/get-movie.controller.ts
FN:27,(anonymous_4)
FN:36,(anonymous_5)
FNF:2
FNH:2
FNDA:3,(anonymous_4)
FNDA:3,(anonymous_5)
DA:1,1
DA:15,1
DA:16,1
DA:17,1
DA:18,1
DA:19,1
DA:20,1
DA:26,1
DA:28,3
DA:29,3
DA:31,3
DA:36,1
DA:37,3
DA:38,3
DA:39,3
DA:40,2
DA:42,2
DA:43,2
DA:45,2
DA:46,1
DA:47,1
DA:48,1
DA:52,1
DA:54,1
LF:24
LH:24
BRDA:47,0,0,1
BRDA:36,1,0,1
BRDA:36,1,1,0
BRDA:36,2,0,1
BRDA:36,2,1,1
BRDA:28,3,0,1
BRDA:28,3,1,0
BRDA:28,4,0,1
BRDA:28,4,1,1
BRDA:28,5,0,1
BRDA:28,5,1,0
BRDA:28,6,0,1
BRDA:28,6,1,1
BRF:13
BRH:10
end_of_record
TN:
SF:src/apps/smart-link/rules/city.decorator.ts
FN:4,(anonymous_0)
FN:6,(anonymous_1)
FNF:2
FNH:2
FNDA:4,(anonymous_0)
FNDA:2,(anonymous_1)
DA:3,2
DA:4,4
DA:7,2
LF:3
LH:3
BRDA:8,0,0,2
BRDA:8,0,1,1
BRF:2
BRH:2
end_of_record
TN:
SF:src/apps/smart-link/rules/country.decorator.ts
FN:4,(anonymous_0)
FN:6,(anonymous_1)
FNF:2
FNH:2
FNDA:4,(anonymous_0)
FNDA:2,(anonymous_1)
DA:3,2
DA:4,4
DA:7,2
LF:3
LH:3
BRDA:8,0,0,2
BRDA:8,0,1,1
BRF:2
BRH:2
end_of_record
TN:
SF:src/apps/smart-link/rules/datetime.decorator.ts
FN:4,(anonymous_0)
FN:6,(anonymous_1)
FNF:2
FNH:2
FNDA:6,(anonymous_0)
FNDA:4,(anonymous_1)
DA:3,2
DA:4,6
DA:7,4
DA:8,4
DA:9,4
LF:5
LH:5
BRDA:10,0,0,4
BRDA:10,0,1,3
BRF:2
BRH:2
end_of_record
TN:
SF:src/dynamic-modules/config-service/config.service.ts
FN:12,(anonymous_11)
FN:31,(anonymous_12)
FNF:2
FNH:2
FNDA:6,(anonymous_11)
FNDA:4,(anonymous_12)
DA:1,9
DA:3,9
DA:4,9
DA:5,9
DA:6,9
DA:9,9
DA:13,6
DA:15,6
DA:20,6
DA:25,6
DA:26,6
DA:27,1
DA:32,4
LF:13
LH:13
BRDA:13,0,0,6
BRDA:13,0,1,6
BRDA:26,1,0,1
BRF:3
BRH:3
end_of_record
TN:
SF:src/dynamic-modules/redis/redis.service.ts
FN:11,(anonymous_5)
FN:17,(anonymous_6)
FN:22,(anonymous_7)
FN:26,(anonymous_8)
FN:38,(anonymous_9)
FN:50,(anonymous_10)
FN:59,(anonymous_11)
FNF:7
FNH:5
FNDA:10,(anonymous_5)
FNDA:0,(anonymous_6)
FNDA:0,(anonymous_7)
FNDA:3,(anonymous_8)
FNDA:3,(anonymous_9)
FNDA:2,(anonymous_10)
FNDA:1,(anonymous_11)
DA:1,5
DA:2,5
DA:5,5
DA:8,5
DA:15,10
DA:17,10
DA:18,0
DA:23,0
DA:27,3
DA:28,3
DA:29,2
DA:30,1
DA:33,1
DA:34,1
DA:40,3
DA:41,3
DA:42,2
DA:44,1
DA:45,1
DA:47,2
DA:51,2
DA:52,2
DA:54,1
DA:55,1
DA:60,1
LF:25
LH:23
BRDA:29,0,0,1
BRDA:42,1,0,1
BRDA:42,1,1,1
BRF:3
BRH:3
end_of_record
TN:
SF:src/libs/base-controller/base.controller.ts
FNF:0
FNH:0
DA:1,4
DA:4,4
LF:2
LH:2
BRF:0
BRH:0
end_of_record
TN:
SF:src/libs/contracts/index.ts
FNF:0
FNH:0
DA:1,2
LF:1
LH:1
BRF:0
BRH:0
end_of_record
TN:
SF:src/libs/filters/exceptions.filter.ts
FN:20,(anonymous_1)
FNF:1
FNH:1
FNDA:4,(anonymous_1)
DA:1,1
DA:19,1
DA:21,4
DA:22,4
DA:23,4
DA:26,4
DA:27,4
DA:28,4
DA:29,4
DA:38,0
DA:45,4
LF:11
LH:10
BRDA:26,0,0,4
BRDA:26,0,1,0
BRDA:30,1,0,4
BRDA:30,1,1,1
BRDA:31,2,0,4
BRDA:31,2,1,1
BRDA:32,3,0,4
BRDA:32,3,1,2
BRDA:33,4,0,4
BRDA:33,4,1,1
BRDA:41,5,0,0
BRDA:41,5,1,0
BRF:12
BRH:9
end_of_record
TN:
SF:src/libs/interceptors/http-response.interceptor.ts
FN:14,(anonymous_1)
FN:16,(anonymous_2)
FNF:2
FNH:2
FNDA:4,(anonymous_1)
FNDA:4,(anonymous_2)
DA:1,5
DA:3,5
DA:13,5
DA:15,4
DA:17,4
LF:5
LH:5
BRF:0
BRH:0
end_of_record
TN:
SF:src/libs/pipes/request-validation.pipe.ts
FN:6,(anonymous_2)
FN:18,(anonymous_3)
FN:19,(anonymous_4)
FNF:3
FNH:3
FNDA:14,(anonymous_2)
FNDA:2,(anonymous_3)
FNDA:3,(anonymous_4)
DA:1,5
DA:5,5
DA:7,14
DA:19,2
DA:20,3
DA:21,2
DA:23,3
DA:26,2
LF:8
LH:8
BRDA:20,0,0,2
BRF:1
BRH:1
end_of_record
TN:
SF:src/libs/repository/base.repository.ts
FN:12,(anonymous_2)
FN:14,(anonymous_3)
FN:20,(anonymous_4)
FN:21,(anonymous_5)
FN:26,(anonymous_6)
FN:31,(anonymous_7)
FN:40,(anonymous_8)
FNF:7
FNH:6
FNDA:8,(anonymous_2)
FNDA:7,(anonymous_3)
FNDA:8,(anonymous_4)
FNDA:7,(anonymous_5)
FNDA:1,(anonymous_6)
FNDA:6,(anonymous_7)
FNDA:0,(anonymous_8)
DA:1,7
DA:8,7
DA:9,8
DA:10,8
DA:12,8
DA:15,7
DA:16,7
DA:17,7
DA:21,8
DA:22,7
DA:27,1
DA:28,1
DA:32,6
DA:34,1
DA:39,1
DA:40,0
DA:43,1
LF:17
LH:16
BRDA:32,0,0,5
BRDA:32,1,0,6
BRDA:32,1,1,6
BRDA:39,2,0,0
BRF:4
BRH:3
end_of_record
TN:
SF:src/libs/repository/generic.repository.ts
FN:13,(anonymous_2)
FN:17,(anonymous_3)
FN:22,(anonymous_4)
FN:27,(anonymous_5)
FN:32,(anonymous_6)
FN:37,(anonymous_7)
FN:45,(anonymous_8)
FN:60,(anonymous_9)
FN:64,(anonymous_10)
FNF:9
FNH:8
FNDA:8,(anonymous_2)
FNDA:1,(anonymous_3)
FNDA:2,(anonymous_4)
FNDA:1,(anonymous_5)
FNDA:1,(anonymous_6)
FNDA:0,(anonymous_7)
FNDA:1,(anonymous_8)
FNDA:1,(anonymous_9)
FNDA:1,(anonymous_10)
DA:1,7
DA:9,7
DA:12,7
DA:14,8
DA:18,1
DA:19,1
DA:23,2
DA:24,2
DA:28,1
DA:29,1
DA:33,1
DA:34,1
DA:38,0
DA:42,0
DA:46,1
DA:48,1
DA:57,1
DA:61,1
DA:65,1
LF:19
LH:17
BRF:0
BRH:0
end_of_record
TN:
SF:src/libs/resources/base-resource.ts
FN:6,(anonymous_0)
FN:12,(anonymous_1)
FNF:2
FNH:2
FNDA:2,(anonymous_0)
FNDA:1,(anonymous_1)
DA:1,1
DA:3,1
DA:7,2
DA:8,1
DA:13,1
LF:5
LH:5
BRDA:7,0,0,1
BRF:1
BRH:1
end_of_record
TN:
SF:src/libs/resources/link/link.resource.ts
FN:41,(anonymous_2)
FN:33,(anonymous_3)
FN:35,(anonymous_4)
FNF:3
FNH:3
FNDA:1,(anonymous_2)
FNDA:1,(anonymous_3)
FNDA:1,(anonymous_4)
DA:1,1
DA:6,1
DA:10,1
DA:13,1
DA:16,1
DA:19,1
DA:22,1
DA:24,1
DA:27,1
DA:30,1
DA:34,1
DA:35,1
DA:37,0
DA:39,1
DA:42,1
LF:15
LH:14
BRDA:34,0,0,1
BRF:1
BRH:1
end_of_record
